#
# There is insufficient memory for the Java Runtime Environment to continue.
# Native memory allocation (mmap) failed to map 266338304 bytes. Error detail: G1 virtual space
# Possible reasons:
#   The system is out of physical RAM or swap space
#   This process is running with CompressedOops enabled, and the Java Heap may be blocking the growth of the native heap
# Possible solutions:
#   Reduce memory load on the system
#   Increase physical memory or swap space
#   Check if swap backing store is full
#   Decrease Java heap size (-Xmx/-Xms)
#   Decrease number of Java threads
#   Decrease Java thread stack sizes (-Xss)
#   Set larger code cache with -XX:ReservedCodeCacheSize=
#   JVM is running with Zero Based Compressed Oops mode in which the Java heap is
#     placed in the first 32GB address space. The Java Heap base address is the
#     maximum limit for the native heap growth. Please use -XX:HeapBaseMinAddress
#     to set the Java Heap base and to place the Java Heap above 32GB virtual address.
# This output file may be truncated or incomplete.
#
#  Out of Memory Error (os_windows.cpp:3686), pid=79564, tid=82112
#
# JRE version:  (21.0.7+6) (build )
# Java VM: OpenJDK 64-Bit Server VM (21.0.7+6-LTS, mixed mode, sharing, tiered, compressed oops, compressed class ptrs, g1 gc, windows-amd64)
# No core dump will be written. Minidumps are not enabled by default on client versions of Windows
#

---------------  S U M M A R Y ------------

Command Line: -ea -Didea.test.cyclic.buffer.size=1048576 -javaagent:C:\Program Files\JetBrains\IntelliJ IDEA Community Edition 2023.3.4\lib\idea_rt.jar=64615:C:\Program Files\JetBrains\IntelliJ IDEA Community Edition 2023.3.4\bin -Dfile.encoding=UTF-8 -Dsun.stdout.encoding=UTF-8 -Dsun.stderr.encoding=UTF-8 com.intellij.rt.junit.JUnitStarter -ideVersion5 -junit5 test.DragAndDropTest,deveInteragirComDragAndDrop

Host: Intel(R) Core(TM) i5-9300H CPU @ 2.40GHz, 8 cores, 15G,  Windows 11 , 64 bit Build 26100 (10.0.26100.7309)
Time: Fri Mar  6 20:43:06 2026 Hora oficial do Brasil elapsed time: 0.044829 seconds (0d 0h 0m 0s)

---------------  T H R E A D  ---------------

Current thread (0x000001ef40f91ac0):  JavaThread "Unknown thread" [_thread_in_vm, id=82112, stack(0x0000007206500000,0x0000007206600000) (1024K)]

Stack: [0x0000007206500000,0x0000007206600000]
Native frames: (J=compiled Java code, j=interpreted, Vv=VM code, C=native code)
V  [jvm.dll+0x6fb989]
V  [jvm.dll+0x8defdf]
V  [jvm.dll+0x8e13d8]
V  [jvm.dll+0x8e1b43]
V  [jvm.dll+0x299c76]
V  [jvm.dll+0x6f80d5]
V  [jvm.dll+0x6ebfda]
V  [jvm.dll+0x374eca]
V  [jvm.dll+0x37cbd6]
V  [jvm.dll+0x3d1625]
V  [jvm.dll+0x3d18e8]
V  [jvm.dll+0x346c43]
V  [jvm.dll+0x3477fb]
V  [jvm.dll+0x8a64a1]
V  [jvm.dll+0x3deb61]
V  [jvm.dll+0x88ed2b]
V  [jvm.dll+0x4750ee]
V  [jvm.dll+0x476bb1]
C  [jli.dll+0x53a5]
C  [ucrtbase.dll+0x37b0]
C  [KERNEL32.DLL+0x2e8d7]
C  [ntdll.dll+0x8c53c]


---------------  P R O C E S S  ---------------

Threads class SMR info:
_java_thread_list=0x00007ff94e595148, length=0, elements={
}

Java Threads: ( => current thread )
Total: 0

Other Threads:
  0x000001ef40ff8190 WorkerThread "GC Thread#0"                     [id=14300, stack(0x0000007206600000,0x0000007206700000) (1024K)]
  0x000001ef41009120 ConcurrentGCThread "G1 Main Marker"            [id=22008, stack(0x0000007206700000,0x0000007206800000) (1024K)]
  0x000001ef4100bd00 WorkerThread "G1 Conc#0"                       [id=21868, stack(0x0000007206800000,0x0000007206900000) (1024K)]

[error occurred during error reporting (printing all threads), id 0xc0000005, EXCEPTION_ACCESS_VIOLATION (0xc0000005) at pc=0x00007ff94dc6a7f7]
VM state: not at safepoint (not fully initialized)

VM Mutex/Monitor currently owned by a thread:  ([mutex/lock_event])
[0x00007ff94e609c28] Heap_lock - owner thread: 0x000001ef40f91ac0

Heap address: 0x0000000702800000, size: 4056 MB, Compressed Oops mode: Zero based, Oop shift amount: 3

CDS archive(s) mapped at: [0x0000000000000000-0x0000000000000000-0x0000000000000000), size 0, SharedBaseAddress: 0x0000000800000000, ArchiveRelocationMode: 1.
Narrow klass base: 0x0000000000000000, Narrow klass shift: 0, Narrow klass range: 0x0

GC Precious Log:
 CardTable entry size: 512
 Card Set container configuration: InlinePtr #cards 4 size 8 Array Of Cards #cards 16 size 48 Howl #buckets 8 coarsen threshold 3686 Howl Bitmap #cards 512 size 80 coarsen threshold 460 Card regions per heap region 1 cards per card region 4096

Heap:
 garbage-first heap   total 0K, used 0K [0x0000000702800000, 0x0000000800000000)
  region size 2048K, 0 young (0K), 0 survivors (0K)

[error occurred during error reporting (printing heap information), id 0xc0000005, EXCEPTION_ACCESS_VIOLATION (0xc0000005) at pc=0x00007ff94e067db9]
GC Heap History (0 events):
No events

Dll operation events (1 events):
Event: 0.020 Loaded shared library C:\Program Files\Java\zulu21.42.19-ca-jdk21.0.7-win_x64\zulu21.42.19-ca-jdk21.0.7-win_x64\bin\java.dll

Deoptimization events (0 events):
No events

Classes loaded (0 events):
No events

Classes unloaded (0 events):
No events

Classes redefined (0 events):
No events

Internal exceptions (0 events):
No events

ZGC Phase Switch (0 events):
No events

VM Operations (0 events):
No events

Memory protections (0 events):
No events

Nmethod flushes (0 events):
No events

Events (0 events):
No events


Dynamic libraries:
0x00007ff7a8750000 - 0x00007ff7a875e000 	C:\Program Files\Java\zulu21.42.19-ca-jdk21.0.7-win_x64\zulu21.42.19-ca-jdk21.0.7-win_x64\bin\java.exe
0x00007ff9e5ee0000 - 0x00007ff9e6147000 	C:\WINDOWS\SYSTEM32\ntdll.dll
0x00007ff9e5cd0000 - 0x00007ff9e5d99000 	C:\WINDOWS\System32\KERNEL32.DLL
0x00007ff9e3180000 - 0x00007ff9e356f000 	C:\WINDOWS\System32\KERNELBASE.dll
0x00007ff9e3030000 - 0x00007ff9e317b000 	C:\WINDOWS\System32\ucrtbase.dll
0x00007ff9a7750000 - 0x00007ff9a776e000 	C:\Program Files\Java\zulu21.42.19-ca-jdk21.0.7-win_x64\zulu21.42.19-ca-jdk21.0.7-win_x64\bin\VCRUNTIME140.dll
0x00007ff9ae300000 - 0x00007ff9ae319000 	C:\Program Files\Java\zulu21.42.19-ca-jdk21.0.7-win_x64\zulu21.42.19-ca-jdk21.0.7-win_x64\bin\jli.dll
0x00007ff9e5960000 - 0x00007ff9e5b25000 	C:\WINDOWS\System32\USER32.dll
0x00007ff9cce60000 - 0x00007ff9cd0f3000 	C:\WINDOWS\WinSxS\amd64_microsoft.windows.common-controls_6595b64144ccf1df_6.0.26100.7309_none_3e05feeae336a044\COMCTL32.dll
0x00007ff9e3a50000 - 0x00007ff9e3a77000 	C:\WINDOWS\System32\win32u.dll
0x00007ff9e5420000 - 0x00007ff9e544b000 	C:\WINDOWS\System32\GDI32.dll
0x00007ff9e5550000 - 0x00007ff9e55f9000 	C:\WINDOWS\System32\msvcrt.dll
0x00007ff9e37b0000 - 0x00007ff9e38dc000 	C:\WINDOWS\System32\gdi32full.dll
0x00007ff9e39a0000 - 0x00007ff9e3a43000 	C:\WINDOWS\System32\msvcp_win.dll
0x00007ff9e4740000 - 0x00007ff9e4771000 	C:\WINDOWS\System32\IMM32.DLL
0x00007ff9c6be0000 - 0x00007ff9c6bec000 	C:\Program Files\Java\zulu21.42.19-ca-jdk21.0.7-win_x64\zulu21.42.19-ca-jdk21.0.7-win_x64\bin\vcruntime140_1.dll
0x00007ff99c7c0000 - 0x00007ff99c84d000 	C:\Program Files\Java\zulu21.42.19-ca-jdk21.0.7-win_x64\zulu21.42.19-ca-jdk21.0.7-win_x64\bin\msvcp140.dll
0x00007ff94d910000 - 0x00007ff94e6ed000 	C:\Program Files\Java\zulu21.42.19-ca-jdk21.0.7-win_x64\zulu21.42.19-ca-jdk21.0.7-win_x64\bin\server\jvm.dll
0x00007ff9e56e0000 - 0x00007ff9e5794000 	C:\WINDOWS\System32\ADVAPI32.dll
0x00007ff9e3e20000 - 0x00007ff9e3ec6000 	C:\WINDOWS\System32\sechost.dll
0x00007ff9e3c90000 - 0x00007ff9e3da8000 	C:\WINDOWS\System32\RPCRT4.dll
0x00007ff9e4c40000 - 0x00007ff9e4cb4000 	C:\WINDOWS\System32\WS2_32.dll
0x00007ff9dbae0000 - 0x00007ff9dbaeb000 	C:\WINDOWS\SYSTEM32\VERSION.dll
0x00007ff9d1b30000 - 0x00007ff9d1b65000 	C:\WINDOWS\SYSTEM32\WINMM.dll
0x00007ff9e2e90000 - 0x00007ff9e2eee000 	C:\WINDOWS\SYSTEM32\POWRPROF.dll
0x00007ff9e2e70000 - 0x00007ff9e2e84000 	C:\WINDOWS\SYSTEM32\UMPDC.dll
0x00007ff9e1de0000 - 0x00007ff9e1dfb000 	C:\WINDOWS\SYSTEM32\kernel.appcore.dll
0x00007ff9c66d0000 - 0x00007ff9c66da000 	C:\Program Files\Java\zulu21.42.19-ca-jdk21.0.7-win_x64\zulu21.42.19-ca-jdk21.0.7-win_x64\bin\jimage.dll
0x00007ff9cf8e0000 - 0x00007ff9cfb22000 	C:\WINDOWS\SYSTEM32\DBGHELP.DLL
0x00007ff9e4320000 - 0x00007ff9e46a5000 	C:\WINDOWS\System32\combase.dll
0x00007ff9e5470000 - 0x00007ff9e5546000 	C:\WINDOWS\System32\OLEAUT32.dll
0x00007ff9be770000 - 0x00007ff9be7ac000 	C:\WINDOWS\SYSTEM32\dbgcore.DLL
0x00007ff9e3700000 - 0x00007ff9e37a5000 	C:\WINDOWS\System32\bcryptPrimitives.dll
0x00007ff9dc510000 - 0x00007ff9dc520000 	C:\Program Files\Java\zulu21.42.19-ca-jdk21.0.7-win_x64\zulu21.42.19-ca-jdk21.0.7-win_x64\bin\instrument.dll
0x00007ff9a1af0000 - 0x00007ff9a1b12000 	C:\Program Files\Java\zulu21.42.19-ca-jdk21.0.7-win_x64\zulu21.42.19-ca-jdk21.0.7-win_x64\bin\java.dll

dbghelp: loaded successfully - version: 4.0.5 - missing functions: none
symbol engine: initialized successfully - sym options: 0x614 - pdb path: .;C:\Program Files\Java\zulu21.42.19-ca-jdk21.0.7-win_x64\zulu21.42.19-ca-jdk21.0.7-win_x64\bin;C:\WINDOWS\SYSTEM32;C:\WINDOWS\WinSxS\amd64_microsoft.windows.common-controls_6595b64144ccf1df_6.0.26100.7309_none_3e05feeae336a044;C:\Program Files\Java\zulu21.42.19-ca-jdk21.0.7-win_x64\zulu21.42.19-ca-jdk21.0.7-win_x64\bin\server

VM Arguments:
jvm_args: -ea -Didea.test.cyclic.buffer.size=1048576 -javaagent:C:\Program Files\JetBrains\IntelliJ IDEA Community Edition 2023.3.4\lib\idea_rt.jar=64615:C:\Program Files\JetBrains\IntelliJ IDEA Community Edition 2023.3.4\bin -Dfile.encoding=UTF-8 -Dsun.stdout.encoding=UTF-8 -Dsun.stderr.encoding=UTF-8 
java_command: com.intellij.rt.junit.JUnitStarter -ideVersion5 -junit5 test.DragAndDropTest,deveInteragirComDragAndDrop
java_class_path (initial): C:\Users\gus_t\.m2\repository\org\junit\platform\junit-platform-launcher\1.14.2\junit-platform-launcher-1.14.2.jar;C:\Program Files\JetBrains\IntelliJ IDEA Community Edition 2023.3.4\lib\idea_rt.jar;C:\Program Files\JetBrains\IntelliJ IDEA Community Edition 2023.3.4\plugins\junit\lib\junit5-rt.jar;C:\Program Files\JetBrains\IntelliJ IDEA Community Edition 2023.3.4\plugins\junit\lib\junit-rt.jar;C:\Users\gus_t\Estudo\Curso_Java_Nelio_Udemy\PrimeiroPrograma\CursoAppium\target\test-classes;C:\Users\gus_t\Estudo\Curso_Java_Nelio_Udemy\PrimeiroPrograma\CursoAppium\target\classes;C:\Users\gus_t\.m2\repository\io\appium\java-client\10.0.0\java-client-10.0.0.jar;C:\Users\gus_t\.m2\repository\org\seleniumhq\selenium\selenium-api\4.40.0\selenium-api-4.40.0.jar;C:\Users\gus_t\.m2\repository\org\seleniumhq\selenium\selenium-remote-driver\4.40.0\selenium-remote-driver-4.40.0.jar;C:\Users\gus_t\.m2\repository\com\google\auto\service\auto-service-annotations\1.1.1\auto-service-annotations-1.1.1.jar;C:\Users\gus_t\.m2\repository\com\google\guava\guava\33.5.0-jre\guava-33.5.0-jre.jar;C:\Users\gus_t\.m2\repository\com\google\guava\failureaccess\1.0.3\failureaccess-1.0.3.jar;C:\Users\gus_t\.m2\repository\com\google\guava\listenablefuture\9999.0-empty-to-avoid-conflict-with-guava\listenablefuture-9999.0-empty-to-avoid-conflict-with-guava.jar;C:\Users\gus_t\.m2\repository\com\google\j2objc\j2objc-annotations\3.1\j2objc-annotations-3.1.jar;C:\Users\gus_t\.m2\repository\io\opentelemetry\opentelemetry-api\1.58.0\opentelemetry-api-1.58.0.jar;C:\Users\gus_t\.m2\repository\io\opentelemetry\opentelemetry-context\1.58.0\opentelemetry-context-1.58.0.jar;C:\Users\gus_t\.m2\repository\io\opentelemetry\opentelemetry-common\1.58.0\opentelemetry-common-1.58.0.jar;C:\Users\gus_t\.m2\repository\io\opentelemetry\opentelemetry-exporter-logging\1.58.0\opentelemetry-exporter-logging-1.58.0.jar;C:\Users\gus_t\.m2\repository\io\opentelemetry\opentelemetry-sdk-common\1.58.0\opentelemetry-sdk-common-1.58.0.jar;C:\Users\gus_t\.m2\repository\io\opentelemetry\opentelemetry-sdk-extension-autoconfigure-spi\1.58.0\opentelemetry-sdk-extension-autoconfigure-spi-1.58.0.jar;C:\Users\gus_t\.m2\repository\io\opentelemetry\opentelemetry-sdk-extension-autoconfigure\1.58.0\opentelemetry-sdk-extension-autoconfigure-1.58.0.jar;C:\Users\gus_t\.m2\repository\io\opentelemetry\opentelemetry-sdk-trace\1.58.0\opentelemetry-sdk-trace-1.58.0.jar;C:\Users\gus_t\.m2\repository\io\opentelemetry\opentelemetry-sdk\1.58.0\opentelemetry-sdk-1.58.0.jar;C:\Users\gus_t\.m2\repository\io\opentelemetry\opentelemetry-sdk-metrics\1.58.0\opentelemetry-sdk-metrics-1.58.0.jar;C:\Users\gus_t\.m2\repository\io\opentelemetry\opentelemetry-sdk-logs\1.58.0\opentelemetry-sdk-logs-1.58.0.jar;C:\Users\gus_t\.m2\repository\net\bytebuddy\byte-buddy\1.18.4\byte-buddy-1.18.4.jar;C:\Users\gus_t\.m2\repository\org\seleniumhq\selenium\selenium-http\4.40.0\selenium-http-4.40.0.jar;C:\Users\gus_t\.m2\repository\org\seleniumhq\selenium\selenium-json\4.40.0\selenium-json-4.40.0.jar;C:\Users\gus_t\.m2\repository\org\seleniumhq\selenium\selenium-manager\4.40.0\selenium-manager-4.40.0.jar;C:\Users\gus_t\.m2\repository\org\seleniumhq\selenium\selenium-os\4.40.0\selenium-os-4.40.0.jar;C:\Users\gus_t\.m2\repository\org\seleniumhq\selenium\selenium-support\4.40.0\selenium-support-4.40.0.jar;C:\Users\gus_t\.m2\repository\com\google\code\gson\gson\2.13.1\gson-2.13.1.jar;C:\Users\gus_t\.m2\repository\com\google\errorprone\error_prone_annotations\2.38.0\error_prone_annotations-2.38.0.jar;C:\Users\gus_t\.m2\repository\org\slf4j\slf4j-api\2.0.17\slf4j-api-2.0.17.jar;C:\Users\gus_t\.m2\repository\org\jspecify\jspecify\1.0.0\jspecify-1.0.0.jar;C:\Users\gus_t\.m2\repository\org\junit\jupiter\junit-jupiter-api\5.14.2\junit-jupiter-api-5.14.2.jar;C:\Users\gus_t\.m2\repository\org\opentest4j\opentest4j\1.3.0\opentest4j-1.3.0.jar;C:\Users\gus_t\.m2\repository\org\junit\platform\junit-platform-commons\1.14.2\junit-platform-commons-1.14.2.jar;C:\Users\gus_t\.m2\repository\org\apiguardian\apiguardian-api\1.1.2\apiguardian-api-1.1.2.jar;C:\Users\gus_t\.m2\repository\org\junit\jupiter\junit-jupiter-engine\5.14.2\junit-jupiter-engine-5.14.2.jar;C:\Users\gus_t\.m2\repository\org\junit\platform\junit-platform-engine\1.14.2\junit-platform-engine-1.14.2.jar;C:\Users\gus_t\.m2\repository\org\junit\platform\junit-platform-suite-api\6.0.1\junit-platform-suite-api-6.0.1.jar;C:\Users\gus_t\.m2\repository\commons-io\commons-io\2.15.1\commons-io-2.15.1.jar
Launcher Type: SUN_STANDARD

[Global flags]
     intx CICompilerCount                          = 4                                         {product} {ergonomic}
     uint ConcGCThreads                            = 2                                         {product} {ergonomic}
     uint G1ConcRefinementThreads                  = 8                                         {product} {ergonomic}
   size_t G1HeapRegionSize                         = 2097152                                   {product} {ergonomic}
    uintx GCDrainStackTargetSize                   = 64                                        {product} {ergonomic}
   size_t InitialHeapSize                          = 266338304                                 {product} {ergonomic}
   size_t MarkStackSize                            = 4194304                                   {product} {ergonomic}
   size_t MaxHeapSize                              = 4253024256                                {product} {ergonomic}
   size_t MinHeapDeltaBytes                        = 2097152                                   {product} {ergonomic}
   size_t MinHeapSize                              = 8388608                                   {product} {ergonomic}
    uintx NonNMethodCodeHeapSize                   = 5839372                                {pd product} {ergonomic}
    uintx NonProfiledCodeHeapSize                  = 122909434                              {pd product} {ergonomic}
    uintx ProfiledCodeHeapSize                     = 122909434                              {pd product} {ergonomic}
    uintx ReservedCodeCacheSize                    = 251658240                              {pd product} {ergonomic}
     bool SegmentedCodeCache                       = true                                      {product} {ergonomic}
   size_t SoftMaxHeapSize                          = 4253024256                             {manageable} {ergonomic}
     bool UseCompressedOops                        = true                           {product lp64_product} {ergonomic}
     bool UseG1GC                                  = true                                      {product} {ergonomic}
     bool UseLargePagesIndividualAllocation        = false                                  {pd product} {ergonomic}

Logging:
Log output configuration:
 #0: stdout all=warning uptime,level,tags foldmultilines=false
 #1: stderr all=off uptime,level,tags foldmultilines=false

Environment Variables:
JAVA_HOME=C:\Program Files\Java\jdk-25
PATH=C:\Program Files\Java\zulu21.42.19-ca-jdk21.0.7-win_x64\bin;C:\Program Files\Common Files\Oracle\Java\javapath;C:\Program Files (x86)\Common Files\Oracle\Java\javapath;C:\Windows\system32;C:\Windows;C:\Windows\System32\Wbem;C:\Windows\System32\WindowsPowerShell\v1.0\;C:\Windows\System32\OpenSSH\;C:\Program Files (x86)\NVIDIA Corporation\PhysX\Common;C:\Program Files\Java\jdk-25\bin;C:\Program Files\NVIDIA Corporation\NVIDIA App\NvDLISR;C:\Program Files\dotnet\;C:\Program Files\Git\cmd;C:\apache-maven-3.9.9\bin;C:\WINDOWS\system32;C:\WINDOWS;C:\WINDOWS\System32\Wbem;C:\WINDOWS\System32\WindowsPowerShell\v1.0\;C:\WINDOWS\System32\OpenSSH\;C:\Program Files\nodejs\;C:\Program Files\Java\jdk-25\bin;C:\Program Files\MySQL\MySQL Server 8.0\bin;C:\Users\gus_t\AppData\Local\Android\Sdk\platform-tools;C:\Users\gus_t\AppData\Local\Android\Sdk\cmdline-tools\latest\bin;C:\Users\gus_t\AppData\Local\Programs\Python\Python312\Scripts\;C:\Users\gus_t\AppData\Local\Programs\Python\Python312\;C:\Users\gus_t\AppData\Local\Microsoft\WindowsApps;C:\Users\gus_t\AppData\Local\Programs\Microsoft VS Code\bin;C:\Users\gus_t\AppData\Local\Microsoft\WinGet\Packages\Schniz.fnm_Microsoft.Winget.Source_8wekyb3d8bbwe;C:\Users\gus_t\AppData\Roaming\npm;C:\Users\gus_t\Downloads\chromedriver-win32\chromedriver-win32;
USERNAME=gus_t
OS=Windows_NT
PROCESSOR_IDENTIFIER=Intel64 Family 6 Model 158 Stepping 13, GenuineIntel
TMP=C:\Users\gus_t\AppData\Local\Temp
TEMP=C:\Users\gus_t\AppData\Local\Temp




Periodic native trim disabled

---------------  S Y S T E M  ---------------

OS:
 Windows 11 , 64 bit Build 26100 (10.0.26100.7309)
OS uptime: 60 days 1:13 hours

CPU: total 8 (initial active 8) (4 cores per cpu, 2 threads per core) family 6 model 158 stepping 13 microcode 0xde, cx8, cmov, fxsr, ht, mmx, 3dnowpref, sse, sse2, sse3, ssse3, sse4.1, sse4.2, popcnt, lzcnt, tsc, tscinvbit, avx, avx2, aes, erms, clmul, bmi1, bmi2, adx, fma, vzeroupper, clflush, clflushopt, rdtscp, f16c
Processor Information for the first 8 processors :
  Max Mhz: 2400, Current Mhz: 2400, Mhz Limit: 2400

Memory: 4k page, system-wide physical 16221M (297M free)
TotalPageFile size 50683M (AvailPageFile size 12M)
current process WorkingSet (physical memory assigned to process): 13M, peak: 13M
current process commit charge ("private bytes"): 60M, peak: 314M

vm_info: OpenJDK 64-Bit Server VM (21.0.7+6-LTS) for windows-amd64 JRE (21.0.7+6-LTS) (Zulu21.42+19-CA), built on 2025-04-07T10:58:52Z by "zulu_re" with MS VC++ 17.1 (VS2022)

END.
